2024-04-30 13:30:33,667 - INFO: Action: "All data saved" Option: 0
2024-04-30 13:30:37,315 - CRITICAL: Action: "New Log File Created" Option: 0
2024-04-30 13:30:37,321 - INFO: Action: "Password manager accessed and decrypted" Option: 0
2024-04-30 13:30:56,310 - INFO: Action: "All data saved" Option: 0
2024-04-30 13:31:10,380 - CRITICAL: Action: "New Log File Created" Option: 0
2024-04-30 13:31:10,380 - INFO: Action: "Password manager accessed and decrypted" Option: 0
2024-04-30 13:31:13,867 - INFO: Action: "Passwords printed to terminal" Option: 5
2024-04-30 13:31:13,874 - INFO: Action: "Password manager sorted" Option: 0
2024-04-30 13:31:17,189 - INFO: Action: "Password manager sorted" Option: 0
2024-04-30 13:31:26,945 - INFO: Action: "Username changed for program "DROPBOX"" Option: 4
2024-04-30 13:31:37,703 - INFO: Action: "Stored username and password to Google " Option: 2
2024-04-30 13:31:40,854 - INFO: Action: "All data saved" Option: 0
2024-04-30 13:31:43,199 - CRITICAL: Action: "New Log File Created" Option: 0
2024-04-30 13:31:43,199 - INFO: Action: "Password manager accessed and decrypted" Option: 0
2024-04-30 13:54:48,367 - CRITICAL: Action: "New Log File Created" Option: 0
2024-04-30 13:54:48,367 - INFO: Action: "Password manager accessed and decrypted" Option: 0
2024-04-30 13:54:54,000 - ERROR: Action: "Invalid Response (Choices were OWN,PASSWORDMANAGER, and COMPUTER)" Option: 6
2024-04-30 13:55:09,368 - CRITICAL: Action: "Error Occured" Option: 6
2024-04-30 13:56:18,089 - CRITICAL: Action: "Error Occured" Option: 6
2024-04-30 13:56:41,731 - INFO: Action: "All data saved" Option: 0
2024-04-30 13:56:45,973 - CRITICAL: Action: "New Log File Created" Option: 0
2024-04-30 13:56:45,973 - INFO: Action: "Password manager accessed and decrypted" Option: 0
2024-04-30 13:56:50,030 - INFO: Action: "Score calculated and printed for password inputted by user" Option: 6
2024-04-30 13:56:57,415 - INFO: Action: "All data saved" Option: 0
2024-04-30 13:56:58,644 - CRITICAL: Action: "New Log File Created" Option: 0
2024-04-30 13:56:58,644 - INFO: Action: "Password manager accessed and decrypted" Option: 0
2024-04-30 13:57:05,344 - CRITICAL: Action: "New Log File Created" Option: 0
2024-04-30 13:57:05,349 - INFO: Action: "Password manager accessed and decrypted" Option: 0
2024-04-30 13:57:12,783 - INFO: Action: "Score calculated and printed for password inputted by user" Option: 6
2024-04-30 13:57:29,754 - INFO: Action: "Score calculated and printed for password inputted by user" Option: 6
2024-04-30 13:57:49,189 - INFO: Action: "Score calculated and printed for password inputted by user" Option: 6
2024-04-30 13:58:28,471 - INFO: Action: "Score calculated and printed for password inputted by user" Option: 6
2024-04-30 13:59:02,549 - INFO: Action: "All data saved" Option: 0
2024-04-30 13:59:04,504 - CRITICAL: Action: "New Log File Created" Option: 0
2024-04-30 13:59:04,505 - INFO: Action: "Password manager accessed and decrypted" Option: 0
2024-04-30 13:59:32,637 - INFO: Action: "Score calculated and printed for password inputted by user" Option: 6
2024-04-30 14:00:03,462 - INFO: Action: "Score calculated and printed for password inputted by user" Option: 6
2024-04-30 14:00:20,556 - INFO: Action: "Score calculated and printed for password inputted by user" Option: 6
2024-04-30 14:00:34,611 - INFO: Action: "Score calculated and printed for password generated by COMPUTER" Option: 6
2024-04-30 14:00:57,224 - INFO: Action: "Score calculated and printed for password inputted by user" Option: 6
2024-04-30 14:17:05,694 - INFO: Action: "All data saved" Option: 0
2024-04-30 14:17:09,507 - CRITICAL: Action: "New Log File Created" Option: 0
2024-04-30 14:17:09,515 - INFO: Action: "Password manager accessed and decrypted" Option: 0
2024-04-30 14:17:36,183 - INFO: Action: "Password created and added to manager" Option: 1
